platforms/android/app/build/outputs/logs/manifest-merger-debug-report.txt
-- Merging decision tree log ---
manifest
ADDED from src/main/AndroidManifest.xml:2:1-19:12
INJECTED from src/main/AndroidManifest.xml:2:1-19:12
INJECTED from src/main/AndroidManifest.xml:2:1-19:12
INJECTED from src/main/AndroidManifest.xml:2:1-19:12
MERGED from [com.twitter.sdk.android:twitter:1.4.0] AndroidManifest.xml:2:1-11:12
MERGED from [com.android.support:appcompat-v7:25.4.0] AndroidManifest.xml:17:1-31:12
MERGED from [com.twitter.sdk.android:tweet-ui:1.1.0] AndroidManifest.xml:2:1-13:12
MERGED from [com.google.android.gms:play-services-auth:11.8.0] AndroidManifest.xml:17:1-39:12
MERGED from [com.google.android.gms:play-services-identity:11.8.0] AndroidManifest.xml:17:1-24:12
MERGED from [com.google.android.gms:play-services-auth-api-phone:11.8.0] AndroidManifest.xml:2:1-7:12
MERGED from [com.google.android.gms:play-services-auth-base:11.8.0] AndroidManifest.xml:2:1-7:12
MERGED from [com.google.android.gms:play-services-base:11.8.0] AndroidManifest.xml:17:1-29:12
MERGED from [com.google.android.gms:play-services-tasks:11.8.0] AndroidManifest.xml:2:1-9:12
MERGED from [com.google.android.gms:play-services-basement:11.8.0] AndroidManifest.xml:17:1-28:12
MERGED from [com.android.support:support-v4:25.4.0] AndroidManifest.xml:17:1-31:12
MERGED from [com.android.support:animated-vector-drawable:25.4.0] AndroidManifest.xml:17:1-28:12
MERGED from [com.android.support:support-vector-drawable:25.4.0] AndroidManifest.xml:17:1-28:12
MERGED from [com.android.support:support-fragment:25.4.0] AndroidManifest.xml:17:1-31:12
MERGED from [com.android.support:support-core-ui:25.4.0] AndroidManifest.xml:17:1-31:12
MERGED from [com.android.support:support-media-compat:25.4.0] AndroidManifest.xml:17:1-31:12
MERGED from [com.android.support:support-core-utils:25.4.0] AndroidManifest.xml:17:1-31:12
MERGED from [com.android.support:support-compat:25.4.0] AndroidManifest.xml:17:1-31:12
MERGED from [:CordovaLib] AndroidManifest.xml:20:1-27:12
MERGED from [com.twitter.sdk.android:tweet-composer:0.7.3] AndroidManifest.xml:2:1-13:12
MERGED from [com.digits.sdk.android:digits:1.4.0] AndroidManifest.xml:2:1-101:12
MERGED from [com.twitter.sdk.android:twitter-core:1.3.2] AndroidManifest.xml:2:1-26:12
MERGED from [io.fabric.sdk.android:fabric:1.3.0] AndroidManifest.xml:2:1-11:12
MERGED from [com.google.android.gms:play-services-identity-license:11.8.0] AndroidManifest.xml:2:1-6:12
MERGED from [com.twitter.cobalt:performance-metrics:0.2.0] AndroidManifest.xml:2:1-11:12
MERGED from [com.google.android.gms:play-services-auth-api-phone-license:11.8.0] AndroidManifest.xml:2:1-6:12
MERGED from [com.google.android.gms:play-services-auth-base-license:11.8.0] AndroidManifest.xml:2:1-6:12
MERGED from [com.google.android.gms:play-services-base-license:11.8.0] AndroidManifest.xml:2:1-6:12
MERGED from [com.google.android.gms:play-services-basement-license:11.8.0] AndroidManifest.xml:2:1-6:12
MERGED from [com.google.android.gms:play-services-tasks-license:11.8.0] AndroidManifest.xml:2:1-6:12
INJECTED from src/main/AndroidManifest.xml:2:1-19:12
INJECTED from src/main/AndroidManifest.xml:2:1-19:12
INJECTED from src/main/AndroidManifest.xml:2:1-19:12
	package
		ADDED from src/main/AndroidManifest.xml:2:98-123
		INJECTED from src/main/AndroidManifest.xml
		INJECTED from src/main/AndroidManifest.xml
	android:versionName
		ADDED from src/main/AndroidManifest.xml:2:70-97
		INJECTED from src/main/AndroidManifest.xml
		INJECTED from src/main/AndroidManifest.xml
	android:hardwareAccelerated
		ADDED from src/main/AndroidManifest.xml:2:11-45
	xmlns:android
		ADDED from src/main/AndroidManifest.xml:2:124-182
	android:versionCode
		ADDED from src/main/AndroidManifest.xml:2:46-69
		INJECTED from src/main/AndroidManifest.xml
		INJECTED from src/main/AndroidManifest.xml
supports-screens
ADDED from src/main/AndroidManifest.xml:3:5-191
	android:largeScreens
		ADDED from src/main/AndroidManifest.xml:3:49-76
	android:smallScreens
		ADDED from src/main/AndroidManifest.xml:3:132-159
	android:normalScreens
		ADDED from src/main/AndroidManifest.xml:3:77-105
	android:xlargeScreens
		ADDED from src/main/AndroidManifest.xml:3:160-188
	android:resizeable
		ADDED from src/main/AndroidManifest.xml:3:106-131
	android:anyDensity
		ADDED from src/main/AndroidManifest.xml:3:23-48
uses-permission#android.permission.INTERNET
ADDED from src/main/AndroidManifest.xml:4:5-67
MERGED from [com.twitter.sdk.android:tweet-ui:1.1.0] AndroidManifest.xml:9:5-67
MERGED from [com.twitter.sdk.android:tweet-ui:1.1.0] AndroidManifest.xml:9:5-67
MERGED from [com.twitter.sdk.android:tweet-composer:0.7.3] AndroidManifest.xml:9:5-67
MERGED from [com.twitter.sdk.android:tweet-composer:0.7.3] AndroidManifest.xml:9:5-67
MERGED from [com.digits.sdk.android:digits:1.4.0] AndroidManifest.xml:9:5-67
MERGED from [com.digits.sdk.android:digits:1.4.0] AndroidManifest.xml:9:5-67
MERGED from [com.twitter.sdk.android:twitter-core:1.3.2] AndroidManifest.xml:9:5-67
MERGED from [com.twitter.sdk.android:twitter-core:1.3.2] AndroidManifest.xml:9:5-67
	android:name
		ADDED from src/main/AndroidManifest.xml:4:22-64
application
ADDED from src/main/AndroidManifest.xml:5:5-13:19
MERGED from [com.twitter.sdk.android:twitter:1.4.0] AndroidManifest.xml:9:5-20
MERGED from [com.twitter.sdk.android:twitter:1.4.0] AndroidManifest.xml:9:5-20
MERGED from [com.android.support:appcompat-v7:25.4.0] AndroidManifest.xml:25:5-29:19
MERGED from [com.android.support:appcompat-v7:25.4.0] AndroidManifest.xml:25:5-29:19
MERGED from [com.twitter.sdk.android:tweet-ui:1.1.0] AndroidManifest.xml:11:5-20
MERGED from [com.twitter.sdk.android:tweet-ui:1.1.0] AndroidManifest.xml:11:5-20
MERGED from [com.google.android.gms:play-services-auth:11.8.0] AndroidManifest.xml:22:5-37:19
MERGED from [com.google.android.gms:play-services-auth:11.8.0] AndroidManifest.xml:22:5-37:19
MERGED from [com.google.android.gms:play-services-identity:11.8.0] AndroidManifest.xml:22:5-20
MERGED from [com.google.android.gms:play-services-identity:11.8.0] AndroidManifest.xml:22:5-20
MERGED from [com.google.android.gms:play-services-base:11.8.0] AndroidManifest.xml:22:5-27:19
MERGED from [com.google.android.gms:play-services-base:11.8.0] AndroidManifest.xml:22:5-27:19
MERGED from [com.google.android.gms:play-services-tasks:11.8.0] AndroidManifest.xml:7:5-20
MERGED from [com.google.android.gms:play-services-tasks:11.8.0] AndroidManifest.xml:7:5-20
MERGED from [com.google.android.gms:play-services-basement:11.8.0] AndroidManifest.xml:22:5-26:19
MERGED from [com.google.android.gms:play-services-basement:11.8.0] AndroidManifest.xml:22:5-26:19
MERGED from [com.android.support:support-v4:25.4.0] AndroidManifest.xml:25:5-29:19
MERGED from [com.android.support:support-v4:25.4.0] AndroidManifest.xml:25:5-29:19
MERGED from [com.android.support:animated-vector-drawable:25.4.0] AndroidManifest.xml:22:5-26:19
MERGED from [com.android.support:animated-vector-drawable:25.4.0] AndroidManifest.xml:22:5-26:19
MERGED from [com.android.support:support-vector-drawable:25.4.0] AndroidManifest.xml:22:5-26:19
MERGED from [com.android.support:support-vector-drawable:25.4.0] AndroidManifest.xml:22:5-26:19
MERGED from [com.android.support:support-fragment:25.4.0] AndroidManifest.xml:25:5-29:19
MERGED from [com.android.support:support-fragment:25.4.0] AndroidManifest.xml:25:5-29:19
MERGED from [com.android.support:support-core-ui:25.4.0] AndroidManifest.xml:25:5-29:19
MERGED from [com.android.support:support-core-ui:25.4.0] AndroidManifest.xml:25:5-29:19
MERGED from [com.android.support:support-media-compat:25.4.0] AndroidManifest.xml:25:5-29:19
MERGED from [com.android.support:support-media-compat:25.4.0] AndroidManifest.xml:25:5-29:19
MERGED from [com.android.support:support-core-utils:25.4.0] AndroidManifest.xml:25:5-29:19
MERGED from [com.android.support:support-core-utils:25.4.0] AndroidManifest.xml:25:5-29:19
MERGED from [com.android.support:support-compat:25.4.0] AndroidManifest.xml:25:5-29:19
MERGED from [com.android.support:support-compat:25.4.0] AndroidManifest.xml:25:5-29:19
MERGED from [com.twitter.sdk.android:tweet-composer:0.7.3] AndroidManifest.xml:11:5-20
MERGED from [com.twitter.sdk.android:tweet-composer:0.7.3] AndroidManifest.xml:11:5-20
MERGED from [com.digits.sdk.android:digits:1.4.0] AndroidManifest.xml:11:5-99:19
MERGED from [com.digits.sdk.android:digits:1.4.0] AndroidManifest.xml:11:5-99:19
MERGED from [com.twitter.sdk.android:twitter-core:1.3.2] AndroidManifest.xml:11:5-24:19
MERGED from [com.twitter.sdk.android:twitter-core:1.3.2] AndroidManifest.xml:11:5-24:19
MERGED from [io.fabric.sdk.android:fabric:1.3.0] AndroidManifest.xml:9:5-20
MERGED from [io.fabric.sdk.android:fabric:1.3.0] AndroidManifest.xml:9:5-20
MERGED from [com.google.android.gms:play-services-identity-license:11.8.0] AndroidManifest.xml:5:5-20
MERGED from [com.google.android.gms:play-services-identity-license:11.8.0] AndroidManifest.xml:5:5-20
MERGED from [com.twitter.cobalt:performance-metrics:0.2.0] AndroidManifest.xml:9:5-20
MERGED from [com.twitter.cobalt:performance-metrics:0.2.0] AndroidManifest.xml:9:5-20
MERGED from [com.google.android.gms:play-services-auth-api-phone-license:11.8.0] AndroidManifest.xml:5:5-20
MERGED from [com.google.android.gms:play-services-auth-api-phone-license:11.8.0] AndroidManifest.xml:5:5-20
MERGED from [com.google.android.gms:play-services-auth-base-license:11.8.0] AndroidManifest.xml:5:5-20
MERGED from [com.google.android.gms:play-services-auth-base-license:11.8.0] AndroidManifest.xml:5:5-20
MERGED from [com.google.android.gms:play-services-base-license:11.8.0] AndroidManifest.xml:5:5-20
MERGED from [com.google.android.gms:play-services-base-license:11.8.0] AndroidManifest.xml:5:5-20
MERGED from [com.google.android.gms:play-services-basement-license:11.8.0] AndroidManifest.xml:5:5-20
MERGED from [com.google.android.gms:play-services-basement-license:11.8.0] AndroidManifest.xml:5:5-20
MERGED from [com.google.android.gms:play-services-tasks-license:11.8.0] AndroidManifest.xml:5:5-20
MERGED from [com.google.android.gms:play-services-tasks-license:11.8.0] AndroidManifest.xml:5:5-20
	android:supportsRtl
		ADDED from src/main/AndroidManifest.xml:5:114-140
	android:label
		ADDED from src/main/AndroidManifest.xml:5:81-113
	android:hardwareAccelerated
		ADDED from src/main/AndroidManifest.xml:5:18-52
	android:icon
		ADDED from src/main/AndroidManifest.xml:5:53-80
activity#ios.dressup.app.MainActivity
ADDED from src/main/AndroidManifest.xml:6:9-11:20
	android:label
		ADDED from src/main/AndroidManifest.xml:6:97-134
	android:launchMode
		ADDED from src/main/AndroidManifest.xml:6:135-165
	android:windowSoftInputMode
		ADDED from src/main/AndroidManifest.xml:6:257-299
	android:configChanges
		ADDED from src/main/AndroidManifest.xml:6:19-96
	android:theme
		ADDED from src/main/AndroidManifest.xml:6:194-256
	android:name
		ADDED from src/main/AndroidManifest.xml:6:166-193
intent-filter#android.intent.action.MAIN+android.intent.category.LAUNCHER
ADDED from src/main/AndroidManifest.xml:7:13-10:29
	android:label
		ADDED from src/main/AndroidManifest.xml:7:28-65
action#android.intent.action.MAIN
ADDED from src/main/AndroidManifest.xml:8:17-69
	android:name
		ADDED from src/main/AndroidManifest.xml:8:25-66
category#android.intent.category.LAUNCHER
ADDED from src/main/AndroidManifest.xml:9:17-77
	android:name
		ADDED from src/main/AndroidManifest.xml:9:27-74
meta-data#io.fabric.ApiKey
ADDED from src/main/AndroidManifest.xml:12:9-111
	android:value
		ADDED from src/main/AndroidManifest.xml:12:52-108
	android:name
		ADDED from src/main/AndroidManifest.xml:12:20-51
uses-sdk
ADDED from src/main/AndroidManifest.xml:14:5-74
INJECTED from src/main/AndroidManifest.xml:14:5-74
MERGED from [com.twitter.sdk.android:twitter:1.4.0] AndroidManifest.xml:7:5-43
MERGED from [com.twitter.sdk.android:twitter:1.4.0] AndroidManifest.xml:7:5-43
MERGED from [com.android.support:appcompat-v7:25.4.0] AndroidManifest.xml:21:5-23:78
MERGED from [com.android.support:appcompat-v7:25.4.0] AndroidManifest.xml:21:5-23:78
MERGED from [com.twitter.sdk.android:tweet-ui:1.1.0] AndroidManifest.xml:7:5-43
MERGED from [com.twitter.sdk.android:tweet-ui:1.1.0] AndroidManifest.xml:7:5-43
MERGED from [com.google.android.gms:play-services-auth:11.8.0] AndroidManifest.xml:20:5-44
MERGED from [com.google.android.gms:play-services-auth:11.8.0] AndroidManifest.xml:20:5-44
MERGED from [com.google.android.gms:play-services-identity:11.8.0] AndroidManifest.xml:20:5-44
MERGED from [com.google.android.gms:play-services-identity:11.8.0] AndroidManifest.xml:20:5-44
MERGED from [com.google.android.gms:play-services-auth-api-phone:11.8.0] AndroidManifest.xml:5:5-44
MERGED from [com.google.android.gms:play-services-auth-api-phone:11.8.0] AndroidManifest.xml:5:5-44
MERGED from [com.google.android.gms:play-services-auth-base:11.8.0] AndroidManifest.xml:5:5-44
MERGED from [com.google.android.gms:play-services-auth-base:11.8.0] AndroidManifest.xml:5:5-44
MERGED from [com.google.android.gms:play-services-base:11.8.0] AndroidManifest.xml:20:5-44
MERGED from [com.google.android.gms:play-services-base:11.8.0] AndroidManifest.xml:20:5-44
MERGED from [com.google.android.gms:play-services-tasks:11.8.0] AndroidManifest.xml:5:5-44
MERGED from [com.google.android.gms:play-services-tasks:11.8.0] AndroidManifest.xml:5:5-44
MERGED from [com.google.android.gms:play-services-basement:11.8.0] AndroidManifest.xml:20:5-44
MERGED from [com.google.android.gms:play-services-basement:11.8.0] AndroidManifest.xml:20:5-44
MERGED from [com.android.support:support-v4:25.4.0] AndroidManifest.xml:21:5-23:54
MERGED from [com.android.support:support-v4:25.4.0] AndroidManifest.xml:21:5-23:54
MERGED from [com.android.support:animated-vector-drawable:25.4.0] AndroidManifest.xml:20:5-44
MERGED from [com.android.support:animated-vector-drawable:25.4.0] AndroidManifest.xml:20:5-44
MERGED from [com.android.support:support-vector-drawable:25.4.0] AndroidManifest.xml:20:5-43
MERGED from [com.android.support:support-vector-drawable:25.4.0] AndroidManifest.xml:20:5-43
MERGED from [com.android.support:support-fragment:25.4.0] AndroidManifest.xml:21:5-23:60
MERGED from [com.android.support:support-fragment:25.4.0] AndroidManifest.xml:21:5-23:60
MERGED from [com.android.support:support-core-ui:25.4.0] AndroidManifest.xml:21:5-23:58
MERGED from [com.android.support:support-core-ui:25.4.0] AndroidManifest.xml:21:5-23:58
MERGED from [com.android.support:support-media-compat:25.4.0] AndroidManifest.xml:21:5-23:63
MERGED from [com.android.support:support-media-compat:25.4.0] AndroidManifest.xml:21:5-23:63
MERGED from [com.android.support:support-core-utils:25.4.0] AndroidManifest.xml:21:5-23:61
MERGED from [com.android.support:support-core-utils:25.4.0] AndroidManifest.xml:21:5-23:61
MERGED from [com.android.support:support-compat:25.4.0] AndroidManifest.xml:21:5-23:58
MERGED from [com.android.support:support-compat:25.4.0] AndroidManifest.xml:21:5-23:58
MERGED from [:CordovaLib] AndroidManifest.xml:25:5-44
MERGED from [:CordovaLib] AndroidManifest.xml:25:5-44
MERGED from [com.twitter.sdk.android:tweet-composer:0.7.3] AndroidManifest.xml:7:5-43
MERGED from [com.twitter.sdk.android:tweet-composer:0.7.3] AndroidManifest.xml:7:5-43
MERGED from [com.digits.sdk.android:digits:1.4.0] AndroidManifest.xml:7:5-43
MERGED from [com.digits.sdk.android:digits:1.4.0] AndroidManifest.xml:7:5-43
MERGED from [com.twitter.sdk.android:twitter-core:1.3.2] AndroidManifest.xml:7:5-43
MERGED from [com.twitter.sdk.android:twitter-core:1.3.2] AndroidManifest.xml:7:5-43
MERGED from [io.fabric.sdk.android:fabric:1.3.0] AndroidManifest.xml:7:5-43
MERGED from [io.fabric.sdk.android:fabric:1.3.0] AndroidManifest.xml:7:5-43
MERGED from [com.google.android.gms:play-services-identity-license:11.8.0] AndroidManifest.xml:4:5-43
MERGED from [com.google.android.gms:play-services-identity-license:11.8.0] AndroidManifest.xml:4:5-43
MERGED from [com.twitter.cobalt:performance-metrics:0.2.0] AndroidManifest.xml:5:5-7:41
MERGED from [com.twitter.cobalt:performance-metrics:0.2.0] AndroidManifest.xml:5:5-7:41
MERGED from [com.google.android.gms:play-services-auth-api-phone-license:11.8.0] AndroidManifest.xml:4:5-43
MERGED from [com.google.android.gms:play-services-auth-api-phone-license:11.8.0] AndroidManifest.xml:4:5-43
MERGED from [com.google.android.gms:play-services-auth-base-license:11.8.0] AndroidManifest.xml:4:5-43
MERGED from [com.google.android.gms:play-services-auth-base-license:11.8.0] AndroidManifest.xml:4:5-43
MERGED from [com.google.android.gms:play-services-base-license:11.8.0] AndroidManifest.xml:4:5-43
MERGED from [com.google.android.gms:play-services-base-license:11.8.0] AndroidManifest.xml:4:5-43
MERGED from [com.google.android.gms:play-services-basement-license:11.8.0] AndroidManifest.xml:4:5-43
MERGED from [com.google.android.gms:play-services-basement-license:11.8.0] AndroidManifest.xml:4:5-43
MERGED from [com.google.android.gms:play-services-tasks-license:11.8.0] AndroidManifest.xml:4:5-43
MERGED from [com.google.android.gms:play-services-tasks-license:11.8.0] AndroidManifest.xml:4:5-43
INJECTED from src/main/AndroidManifest.xml:14:5-74
	tools:overrideLibrary
		ADDED from [com.android.support:appcompat-v7:25.4.0] AndroidManifest.xml:23:9-75
	android:targetSdkVersion
		ADDED from src/main/AndroidManifest.xml:14:42-71
	android:minSdkVersion
		ADDED from src/main/AndroidManifest.xml:14:15-41
		INJECTED from src/main/AndroidManifest.xml
		INJECTED from src/main/AndroidManifest.xml
uses-permission#android.permission.WRITE_EXTERNAL_STORAGE
ADDED from src/main/AndroidManifest.xml:15:5-81
	android:name
		ADDED from src/main/AndroidManifest.xml:15:22-78
uses-permission#android.permission.READ_EXTERNAL_STORAGE
ADDED from src/main/AndroidManifest.xml:16:5-80
	android:name
		ADDED from src/main/AndroidManifest.xml:16:22-77
uses-permission#android.permission.GET_ACCOUNTS
ADDED from src/main/AndroidManifest.xml:17:5-71
	android:name
		ADDED from src/main/AndroidManifest.xml:17:22-68
uses-permission#android.permission.USE_CREDENTIALS
ADDED from src/main/AndroidManifest.xml:18:5-74
	android:name
		ADDED from src/main/AndroidManifest.xml:18:22-71
meta-data#android.support.VERSION
ADDED from [com.android.support:appcompat-v7:25.4.0] AndroidManifest.xml:26:9-28:38
MERGED from [com.android.support:support-v4:25.4.0] AndroidManifest.xml:26:9-28:38
MERGED from [com.android.support:support-v4:25.4.0] AndroidManifest.xml:26:9-28:38
MERGED from [com.android.support:animated-vector-drawable:25.4.0] AndroidManifest.xml:23:9-25:38
MERGED from [com.android.support:animated-vector-drawable:25.4.0] AndroidManifest.xml:23:9-25:38
MERGED from [com.android.support:support-vector-drawable:25.4.0] AndroidManifest.xml:23:9-25:38
MERGED from [com.android.support:support-vector-drawable:25.4.0] AndroidManifest.xml:23:9-25:38
MERGED from [com.android.support:support-fragment:25.4.0] AndroidManifest.xml:26:9-28:38
MERGED from [com.android.support:support-fragment:25.4.0] AndroidManifest.xml:26:9-28:38
MERGED from [com.android.support:support-core-ui:25.4.0] AndroidManifest.xml:26:9-28:38
MERGED from [com.android.support:support-core-ui:25.4.0] AndroidManifest.xml:26:9-28:38
MERGED from [com.android.support:support-media-compat:25.4.0] AndroidManifest.xml:26:9-28:38
MERGED from [com.android.support:support-media-compat:25.4.0] AndroidManifest.xml:26:9-28:38
MERGED from [com.android.support:support-core-utils:25.4.0] AndroidManifest.xml:26:9-28:38
MERGED from [com.android.support:support-core-utils:25.4.0] AndroidManifest.xml:26:9-28:38
MERGED from [com.android.support:support-compat:25.4.0] AndroidManifest.xml:26:9-28:38
MERGED from [com.android.support:support-compat:25.4.0] AndroidManifest.xml:26:9-28:38
	android:value
		ADDED from [com.android.support:appcompat-v7:25.4.0] AndroidManifest.xml:28:13-35
	android:name
		ADDED from [com.android.support:appcompat-v7:25.4.0] AndroidManifest.xml:27:13-51
activity#com.google.android.gms.auth.api.signin.internal.SignInHubActivity
ADDED from [com.google.android.gms:play-services-auth:11.8.0] AndroidManifest.xml:23:9-27:75
	android:excludeFromRecents
		ADDED from [com.google.android.gms:play-services-auth:11.8.0] AndroidManifest.xml:25:13-46
	android:exported
		ADDED from [com.google.android.gms:play-services-auth:11.8.0] AndroidManifest.xml:26:13-37
	android:theme
		ADDED from [com.google.android.gms:play-services-auth:11.8.0] AndroidManifest.xml:27:13-72
	android:name
		ADDED from [com.google.android.gms:play-services-auth:11.8.0] AndroidManifest.xml:24:13-93
service#com.google.android.gms.auth.api.signin.RevocationBoundService
ADDED from [com.google.android.gms:play-services-auth:11.8.0] AndroidManifest.xml:33:9-36:110
	android:exported
		ADDED from [com.google.android.gms:play-services-auth:11.8.0] AndroidManifest.xml:35:13-36
	android:permission
		ADDED from [com.google.android.gms:play-services-auth:11.8.0] AndroidManifest.xml:36:13-107
	android:name
		ADDED from [com.google.android.gms:play-services-auth:11.8.0] AndroidManifest.xml:34:13-89
activity#com.google.android.gms.common.api.GoogleApiActivity
ADDED from [com.google.android.gms:play-services-base:11.8.0] AndroidManifest.xml:23:9-26:75
	android:exported
		ADDED from [com.google.android.gms:play-services-base:11.8.0] AndroidManifest.xml:25:13-37
	android:theme
		ADDED from [com.google.android.gms:play-services-base:11.8.0] AndroidManifest.xml:26:13-72
	android:name
		ADDED from [com.google.android.gms:play-services-base:11.8.0] AndroidManifest.xml:24:13-79
meta-data#com.google.android.gms.version
ADDED from [com.google.android.gms:play-services-basement:11.8.0] AndroidManifest.xml:23:9-25:69
	android:value
		ADDED from [com.google.android.gms:play-services-basement:11.8.0] AndroidManifest.xml:25:13-66
	android:name
		ADDED from [com.google.android.gms:play-services-basement:11.8.0] AndroidManifest.xml:24:13-58
activity#com.digits.sdk.android.PhoneNumberActivity
ADDED from [com.digits.sdk.android:digits:1.4.0] AndroidManifest.xml:12:9-18:58
	android:excludeFromRecents
		ADDED from [com.digits.sdk.android:digits:1.4.0] AndroidManifest.xml:15:13-46
	android:windowSoftInputMode
		ADDED from [com.digits.sdk.android:digits:1.4.0] AndroidManifest.xml:18:13-55
	android:exported
		ADDED from [com.digits.sdk.android:digits:1.4.0] AndroidManifest.xml:16:13-37
	android:configChanges
		ADDED from [com.digits.sdk.android:digits:1.4.0] AndroidManifest.xml:14:13-59
	android:taskAffinity
		ADDED from [com.digits.sdk.android:digits:1.4.0] AndroidManifest.xml:17:13-58
	android:name
		ADDED from [com.digits.sdk.android:digits:1.4.0] AndroidManifest.xml:13:13-70
activity#com.digits.sdk.android.ConfirmationCodeActivity
ADDED from [com.digits.sdk.android:digits:1.4.0] AndroidManifest.xml:19:9-25:58
	android:excludeFromRecents
		ADDED from [com.digits.sdk.android:digits:1.4.0] AndroidManifest.xml:22:13-46
	android:windowSoftInputMode
		ADDED from [com.digits.sdk.android:digits:1.4.0] AndroidManifest.xml:25:13-55
	android:exported
		ADDED from [com.digits.sdk.android:digits:1.4.0] AndroidManifest.xml:23:13-37
	android:configChanges
		ADDED from [com.digits.sdk.android:digits:1.4.0] AndroidManifest.xml:21:13-59
	android:taskAffinity
		ADDED from [com.digits.sdk.android:digits:1.4.0] AndroidManifest.xml:24:13-58
	android:name
		ADDED from [com.digits.sdk.android:digits:1.4.0] AndroidManifest.xml:20:13-75
activity#com.digits.sdk.android.LoginCodeActivity
ADDED from [com.digits.sdk.android:digits:1.4.0] AndroidManifest.xml:26:9-33:58
	android:excludeFromRecents
		ADDED from [com.digits.sdk.android:digits:1.4.0] AndroidManifest.xml:29:13-46
	android:launchMode
		ADDED from [com.digits.sdk.android:digits:1.4.0] AndroidManifest.xml:31:13-43
	android:windowSoftInputMode
		ADDED from [com.digits.sdk.android:digits:1.4.0] AndroidManifest.xml:33:13-55
	android:exported
		ADDED from [com.digits.sdk.android:digits:1.4.0] AndroidManifest.xml:30:13-37
	android:configChanges
		ADDED from [com.digits.sdk.android:digits:1.4.0] AndroidManifest.xml:28:13-59
	android:taskAffinity
		ADDED from [com.digits.sdk.android:digits:1.4.0] AndroidManifest.xml:32:13-58
	android:name
		ADDED from [com.digits.sdk.android:digits:1.4.0] AndroidManifest.xml:27:13-68
activity#com.digits.sdk.android.PinCodeActivity
ADDED from [com.digits.sdk.android:digits:1.4.0] AndroidManifest.xml:34:9-41:58
	android:excludeFromRecents
		ADDED from [com.digits.sdk.android:digits:1.4.0] AndroidManifest.xml:37:13-46
	android:launchMode
		ADDED from [com.digits.sdk.android:digits:1.4.0] AndroidManifest.xml:39:13-43
	android:windowSoftInputMode
		ADDED from [com.digits.sdk.android:digits:1.4.0] AndroidManifest.xml:41:13-55
	android:exported
		ADDED from [com.digits.sdk.android:digits:1.4.0] AndroidManifest.xml:38:13-37
	android:configChanges
		ADDED from [com.digits.sdk.android:digits:1.4.0] AndroidManifest.xml:36:13-59
	android:taskAffinity
		ADDED from [com.digits.sdk.android:digits:1.4.0] AndroidManifest.xml:40:13-58
	android:name
		ADDED from [com.digits.sdk.android:digits:1.4.0] AndroidManifest.xml:35:13-66
activity#com.digits.sdk.android.FailureActivity
ADDED from [com.digits.sdk.android:digits:1.4.0] AndroidManifest.xml:42:9-47:61
	android:excludeFromRecents
		ADDED from [com.digits.sdk.android:digits:1.4.0] AndroidManifest.xml:45:13-46
	android:exported
		ADDED from [com.digits.sdk.android:digits:1.4.0] AndroidManifest.xml:46:13-37
	android:configChanges
		ADDED from [com.digits.sdk.android:digits:1.4.0] AndroidManifest.xml:44:13-59
	android:taskAffinity
		ADDED from [com.digits.sdk.android:digits:1.4.0] AndroidManifest.xml:47:13-58
	android:name
		ADDED from [com.digits.sdk.android:digits:1.4.0] AndroidManifest.xml:43:13-66
activity#com.digits.sdk.android.ContactsActivity
ADDED from [com.digits.sdk.android:digits:1.4.0] AndroidManifest.xml:48:9-52:40
	android:excludeFromRecents
		ADDED from [com.digits.sdk.android:digits:1.4.0] AndroidManifest.xml:51:13-46
	android:exported
		ADDED from [com.digits.sdk.android:digits:1.4.0] AndroidManifest.xml:52:13-37
	android:configChanges
		ADDED from [com.digits.sdk.android:digits:1.4.0] AndroidManifest.xml:50:13-59
	android:name
		ADDED from [com.digits.sdk.android:digits:1.4.0] AndroidManifest.xml:49:13-67
activity#com.digits.sdk.android.PhoneNumberActionBarActivity
ADDED from [com.digits.sdk.android:digits:1.4.0] AndroidManifest.xml:53:9-59:58
	android:excludeFromRecents
		ADDED from [com.digits.sdk.android:digits:1.4.0] AndroidManifest.xml:56:13-46
	android:windowSoftInputMode
		ADDED from [com.digits.sdk.android:digits:1.4.0] AndroidManifest.xml:59:13-55
	android:exported
		ADDED from [com.digits.sdk.android:digits:1.4.0] AndroidManifest.xml:57:13-37
	android:configChanges
		ADDED from [com.digits.sdk.android:digits:1.4.0] AndroidManifest.xml:55:13-59
	android:taskAffinity
		ADDED from [com.digits.sdk.android:digits:1.4.0] AndroidManifest.xml:58:13-58
	android:name
		ADDED from [com.digits.sdk.android:digits:1.4.0] AndroidManifest.xml:54:13-79
activity#com.digits.sdk.android.ConfirmationCodeActionBarActivity
ADDED from [com.digits.sdk.android:digits:1.4.0] AndroidManifest.xml:60:9-66:58
	android:excludeFromRecents
		ADDED from [com.digits.sdk.android:digits:1.4.0] AndroidManifest.xml:63:13-46
	android:windowSoftInputMode
		ADDED from [com.digits.sdk.android:digits:1.4.0] AndroidManifest.xml:66:13-55
	android:exported
		ADDED from [com.digits.sdk.android:digits:1.4.0] AndroidManifest.xml:64:13-37
	android:configChanges
		ADDED from [com.digits.sdk.android:digits:1.4.0] AndroidManifest.xml:62:13-59
	android:taskAffinity
		ADDED from [com.digits.sdk.android:digits:1.4.0] AndroidManifest.xml:65:13-58
	android:name
		ADDED from [com.digits.sdk.android:digits:1.4.0] AndroidManifest.xml:61:13-84
activity#com.digits.sdk.android.LoginCodeActionBarActivity
ADDED from [com.digits.sdk.android:digits:1.4.0] AndroidManifest.xml:67:9-74:58
	android:excludeFromRecents
		ADDED from [com.digits.sdk.android:digits:1.4.0] AndroidManifest.xml:70:13-46
	android:launchMode
		ADDED from [com.digits.sdk.android:digits:1.4.0] AndroidManifest.xml:72:13-43
	android:windowSoftInputMode
		ADDED from [com.digits.sdk.android:digits:1.4.0] AndroidManifest.xml:74:13-55
	android:exported
		ADDED from [com.digits.sdk.android:digits:1.4.0] AndroidManifest.xml:71:13-37
	android:configChanges
		ADDED from [com.digits.sdk.android:digits:1.4.0] AndroidManifest.xml:69:13-59
	android:taskAffinity
		ADDED from [com.digits.sdk.android:digits:1.4.0] AndroidManifest.xml:73:13-58
	android:name
		ADDED from [com.digits.sdk.android:digits:1.4.0] AndroidManifest.xml:68:13-77
activity#com.digits.sdk.android.FailureActionBarActivity
ADDED from [com.digits.sdk.android:digits:1.4.0] AndroidManifest.xml:75:9-80:61
	android:excludeFromRecents
		ADDED from [com.digits.sdk.android:digits:1.4.0] AndroidManifest.xml:78:13-46
	android:exported
		ADDED from [com.digits.sdk.android:digits:1.4.0] AndroidManifest.xml:79:13-37
	android:configChanges
		ADDED from [com.digits.sdk.android:digits:1.4.0] AndroidManifest.xml:77:13-59
	android:taskAffinity
		ADDED from [com.digits.sdk.android:digits:1.4.0] AndroidManifest.xml:80:13-58
	android:name
		ADDED from [com.digits.sdk.android:digits:1.4.0] AndroidManifest.xml:76:13-75
activity#com.digits.sdk.android.ContactsActionBarActivity
ADDED from [com.digits.sdk.android:digits:1.4.0] AndroidManifest.xml:81:9-85:40
	android:excludeFromRecents
		ADDED from [com.digits.sdk.android:digits:1.4.0] AndroidManifest.xml:84:13-46
	android:exported
		ADDED from [com.digits.sdk.android:digits:1.4.0] AndroidManifest.xml:85:13-37
	android:configChanges
		ADDED from [com.digits.sdk.android:digits:1.4.0] AndroidManifest.xml:83:13-59
	android:name
		ADDED from [com.digits.sdk.android:digits:1.4.0] AndroidManifest.xml:82:13-76
activity#com.digits.sdk.android.PinCodeActionBarActivity
ADDED from [com.digits.sdk.android:digits:1.4.0] AndroidManifest.xml:86:9-93:58
	android:excludeFromRecents